<?xml version="1.0" encoding="UTF-8"?>
<testsuite xmlns:xsi="http://www.w3.org/2001/XMLSchema-instance" xsi:noNamespaceSchemaLocation="https://maven.apache.org/surefire/maven-surefire-plugin/xsd/surefire-test-report-3.0.xsd" version="3.0" name="FelineTest" time="0.014" tests="6" errors="0" skipped="0" failures="0">
  <properties>
[...]
</properties>
  <testcase name="getKittensDefaultTest" classname="FelineTest$FelineTestDefault" time="0.004"/>
  <testcase name="getFamilyTest" classname="FelineTest$FelineTestDefault" time="0.001"/>
  <testcase name="getKittensWithParameterTest" classname="FelineTest$FelineTestDefault" time="0.0"/>
  <testcase name="eatMeatTest" classname="FelineTest$FelineTestDefault" time="0.0"/>
  <testcase name="getFoodTest[Animal kind: Травоядное]" classname="FelineTest$FelineTestParametrized" time="0.002"/>
  <testcase name="getFoodTest[Animal kind: Хищник]" classname="FelineTest$FelineTestParametrized" time="0.0"/>
</testsuite>